<?xml version="1.0" encoding="UTF-8"?>
<testsuite xmlns:xsi="http://www.w3.org/2001/XMLSchema-instance" xsi:noNamespaceSchemaLocation="https://maven.apache.org/surefire/maven-surefire-plugin/xsd/surefire-test-report.xsd" version="3.0.2" name="com.temqueser.temqueser.TemqueserApplicationTests" time="29.068" tests="1" errors="0" skipped="0" failures="0">
  <properties>
[...]
</properties>
  <testcase name="contextLoads" classname="com.temqueser.temqueser.TemqueserApplicationTests" time="0.372">
    <system-out><![CDATA[13:59:27.827 [main] INFO org.springframework.test.context.support.AnnotationConfigContextLoaderUtils -- Could not detect default configuration classes for test class [com.temqueser.temqueser.TemqueserApplicationTests]: TemqueserApplicationTests does not declare any static, non-private, non-final, nested classes annotated with @Configuration.
13:59:27.944 [main] INFO org.springframework.boot.test.context.SpringBootTestContextBootstrapper -- Found @SpringBootConfiguration com.temqueser.temqueser.TemqueserApplication for test class com.temqueser.temqueser.TemqueserApplicationTests
13:59:28.111 [main] INFO org.springframework.boot.devtools.restart.RestartApplicationListener -- Restart disabled due to context in which it is running

  .   ____          _            __ _ _
 /\\ / ___'_ __ _ _(_)_ __  __ _ \ \ \ \
( ( )\___ | '_ | '_| | '_ \/ _` | \ \ \ \
 \\/  ___)| |_)| | | | | || (_| |  ) ) ) )
  '  |____| .__|_| |_|_| |_\__, | / / / /
 =========|_|==============|___/=/_/_/_/

&amp#27;[32m :: Spring Boot :: &amp#27;[39m              &amp#27;[2m (v3.4.4)&amp#27;[0;39m

&amp#27;[2m2025-06-23T13:59:28.393-03:00&amp#27;[0;39m &amp#27;[32m INFO&amp#27;[0;39m &amp#27;[35m34388&amp#27;[0;39m &amp#27;[2m--- [temqueser] [           main] &amp#27;[0;39m&amp#27;[36mc.t.temqueser.TemqueserApplicationTests &amp#27;[0;39m &amp#27;[2m:&amp#27;[0;39m Starting TemqueserApplicationTests using Java 23.0.2 with PID 34388 (started by thoma in C:\Users\thoma\OneDrive\Desktop\TemqueserAPI)
&amp#27;[2m2025-06-23T13:59:28.394-03:00&amp#27;[0;39m &amp#27;[32m INFO&amp#27;[0;39m &amp#27;[35m34388&amp#27;[0;39m &amp#27;[2m--- [temqueser] [           main] &amp#27;[0;39m&amp#27;[36mc.t.temqueser.TemqueserApplicationTests &amp#27;[0;39m &amp#27;[2m:&amp#27;[0;39m No active profile set, falling back to 1 default profile: "default"
&amp#27;[2m2025-06-23T13:59:29.160-03:00&amp#27;[0;39m &amp#27;[32m INFO&amp#27;[0;39m &amp#27;[35m34388&amp#27;[0;39m &amp#27;[2m--- [temqueser] [           main] &amp#27;[0;39m&amp#27;[36m.s.d.r.c.RepositoryConfigurationDelegate&amp#27;[0;39m &amp#27;[2m:&amp#27;[0;39m Bootstrapping Spring Data JPA repositories in DEFAULT mode.
&amp#27;[2m2025-06-23T13:59:29.244-03:00&amp#27;[0;39m &amp#27;[32m INFO&amp#27;[0;39m &amp#27;[35m34388&amp#27;[0;39m &amp#27;[2m--- [temqueser] [           main] &amp#27;[0;39m&amp#27;[36m.s.d.r.c.RepositoryConfigurationDelegate&amp#27;[0;39m &amp#27;[2m:&amp#27;[0;39m Finished Spring Data repository scanning in 59 ms. Found 6 JPA repository interfaces.
&amp#27;[2m2025-06-23T13:59:29.861-03:00&amp#27;[0;39m &amp#27;[32m INFO&amp#27;[0;39m &amp#27;[35m34388&amp#27;[0;39m &amp#27;[2m--- [temqueser] [           main] &amp#27;[0;39m&amp#27;[36mo.hibernate.jpa.internal.util.LogHelper &amp#27;[0;39m &amp#27;[2m:&amp#27;[0;39m HHH000204: Processing PersistenceUnitInfo [name: default]
&amp#27;[2m2025-06-23T13:59:29.927-03:00&amp#27;[0;39m &amp#27;[32m INFO&amp#27;[0;39m &amp#27;[35m34388&amp#27;[0;39m &amp#27;[2m--- [temqueser] [           main] &amp#27;[0;39m&amp#27;[36morg.hibernate.Version                   &amp#27;[0;39m &amp#27;[2m:&amp#27;[0;39m HHH000412: Hibernate ORM core version 6.6.11.Final
&amp#27;[2m2025-06-23T13:59:29.966-03:00&amp#27;[0;39m &amp#27;[32m INFO&amp#27;[0;39m &amp#27;[35m34388&amp#27;[0;39m &amp#27;[2m--- [temqueser] [           main] &amp#27;[0;39m&amp#27;[36mo.h.c.internal.RegionFactoryInitiator   &amp#27;[0;39m &amp#27;[2m:&amp#27;[0;39m HHH000026: Second-level cache disabled
&amp#27;[2m2025-06-23T13:59:30.396-03:00&amp#27;[0;39m &amp#27;[32m INFO&amp#27;[0;39m &amp#27;[35m34388&amp#27;[0;39m &amp#27;[2m--- [temqueser] [           main] &amp#27;[0;39m&amp#27;[36mo.s.o.j.p.SpringPersistenceUnitInfo     &amp#27;[0;39m &amp#27;[2m:&amp#27;[0;39m No LoadTimeWeaver setup: ignoring JPA class transformer
&amp#27;[2m2025-06-23T13:59:30.439-03:00&amp#27;[0;39m &amp#27;[32m INFO&amp#27;[0;39m &amp#27;[35m34388&amp#27;[0;39m &amp#27;[2m--- [temqueser] [           main] &amp#27;[0;39m&amp#27;[36mcom.zaxxer.hikari.HikariDataSource      &amp#27;[0;39m &amp#27;[2m:&amp#27;[0;39m HikariPool-1 - Starting...
&amp#27;[2m2025-06-23T13:59:33.140-03:00&amp#27;[0;39m &amp#27;[32m INFO&amp#27;[0;39m &amp#27;[35m34388&amp#27;[0;39m &amp#27;[2m--- [temqueser] [           main] &amp#27;[0;39m&amp#27;[36mcom.zaxxer.hikari.pool.HikariPool       &amp#27;[0;39m &amp#27;[2m:&amp#27;[0;39m HikariPool-1 - Added connection org.postgresql.jdbc.PgConnection@51f34185
&amp#27;[2m2025-06-23T13:59:33.142-03:00&amp#27;[0;39m &amp#27;[32m INFO&amp#27;[0;39m &amp#27;[35m34388&amp#27;[0;39m &amp#27;[2m--- [temqueser] [           main] &amp#27;[0;39m&amp#27;[36mcom.zaxxer.hikari.HikariDataSource      &amp#27;[0;39m &amp#27;[2m:&amp#27;[0;39m HikariPool-1 - Start completed.
&amp#27;[2m2025-06-23T13:59:33.398-03:00&amp#27;[0;39m &amp#27;[33m WARN&amp#27;[0;39m &amp#27;[35m34388&amp#27;[0;39m &amp#27;[2m--- [temqueser] [           main] &amp#27;[0;39m&amp#27;[36mcom.zaxxer.hikari.pool.ProxyConnection  &amp#27;[0;39m &amp#27;[2m:&amp#27;[0;39m HikariPool-1 - Connection org.postgresql.jdbc.PgConnection@51f34185 marked as broken because of SQLSTATE(08006), ErrorCode(0)

org.postgresql.util.PSQLException: An I/O error occurred while sending to the backend.
	at org.postgresql.core.v3.QueryExecutorImpl.execute(QueryExecutorImpl.java:399) ~[postgresql-42.7.5.jar:42.7.5]
	at org.postgresql.jdbc.PgStatement.executeInternal(PgStatement.java:517) ~[postgresql-42.7.5.jar:42.7.5]
	at org.postgresql.jdbc.PgStatement.execute(PgStatement.java:434) ~[postgresql-42.7.5.jar:42.7.5]
	at org.postgresql.jdbc.PgStatement.executeWithFlags(PgStatement.java:356) ~[postgresql-42.7.5.jar:42.7.5]
	at org.postgresql.jdbc.PgStatement.executeCachedSql(PgStatement.java:341) ~[postgresql-42.7.5.jar:42.7.5]
	at org.postgresql.jdbc.PgStatement.executeWithFlags(PgStatement.java:317) ~[postgresql-42.7.5.jar:42.7.5]
	at org.postgresql.jdbc.PgStatement.executeQuery(PgStatement.java:266) ~[postgresql-42.7.5.jar:42.7.5]
	at org.postgresql.jdbc.PgDatabaseMetaData.getSQLKeywords(PgDatabaseMetaData.java:354) ~[postgresql-42.7.5.jar:42.7.5]
	at com.zaxxer.hikari.pool.HikariProxyDatabaseMetaData.getSQLKeywords(HikariProxyDatabaseMetaData.java) ~[HikariCP-5.1.0.jar:na]
	at org.hibernate.engine.jdbc.env.internal.JdbcEnvironmentInitiator$1.execute(JdbcEnvironmentInitiator.java:348) ~[hibernate-core-6.6.11.Final.jar:6.6.11.Final]
	at org.hibernate.engine.jdbc.env.internal.JdbcEnvironmentInitiator$1.execute(JdbcEnvironmentInitiator.java:321) ~[hibernate-core-6.6.11.Final.jar:6.6.11.Final]
	at org.hibernate.jdbc.WorkExecutor.executeReturningWork(WorkExecutor.java:58) ~[hibernate-core-6.6.11.Final.jar:6.6.11.Final]
	at org.hibernate.jdbc.AbstractReturningWork.accept(AbstractReturningWork.java:34) ~[hibernate-core-6.6.11.Final.jar:6.6.11.Final]
	at org.hibernate.resource.transaction.backend.jdbc.internal.JdbcIsolationDelegate.delegateWork(JdbcIsolationDelegate.java:70) ~[hibernate-core-6.6.11.Final.jar:6.6.11.Final]
	at org.hibernate.engine.jdbc.env.internal.JdbcEnvironmentInitiator.getJdbcEnvironmentUsingJdbcMetadata(JdbcEnvironmentInitiator.java:320) ~[hibernate-core-6.6.11.Final.jar:6.6.11.Final]
	at org.hibernate.engine.jdbc.env.internal.JdbcEnvironmentInitiator.initiateService(JdbcEnvironmentInitiator.java:129) ~[hibernate-core-6.6.11.Final.jar:6.6.11.Final]
	at org.hibernate.engine.jdbc.env.internal.JdbcEnvironmentInitiator.initiateService(JdbcEnvironmentInitiator.java:81) ~[hibernate-core-6.6.11.Final.jar:6.6.11.Final]
	at org.hibernate.boot.registry.internal.StandardServiceRegistryImpl.initiateService(StandardServiceRegistryImpl.java:130) ~[hibernate-core-6.6.11.Final.jar:6.6.11.Final]
	at org.hibernate.service.internal.AbstractServiceRegistryImpl.createService(AbstractServiceRegistryImpl.java:263) ~[hibernate-core-6.6.11.Final.jar:6.6.11.Final]
	at org.hibernate.service.internal.AbstractServiceRegistryImpl.initializeService(AbstractServiceRegistryImpl.java:238) ~[hibernate-core-6.6.11.Final.jar:6.6.11.Final]
	at org.hibernate.service.internal.AbstractServiceRegistryImpl.getService(AbstractServiceRegistryImpl.java:215) ~[hibernate-core-6.6.11.Final.jar:6.6.11.Final]
	at org.hibernate.boot.model.relational.Database.<init>(Database.java:45) ~[hibernate-core-6.6.11.Final.jar:6.6.11.Final]
	at org.hibernate.boot.internal.InFlightMetadataCollectorImpl.getDatabase(InFlightMetadataCollectorImpl.java:226) ~[hibernate-core-6.6.11.Final.jar:6.6.11.Final]
	at org.hibernate.boot.internal.InFlightMetadataCollectorImpl.<init>(InFlightMetadataCollectorImpl.java:194) ~[hibernate-core-6.6.11.Final.jar:6.6.11.Final]
	at org.hibernate.boot.model.process.spi.MetadataBuildingProcess.complete(MetadataBuildingProcess.java:171) ~[hibernate-core-6.6.11.Final.jar:6.6.11.Final]
	at org.hibernate.jpa.boot.internal.EntityManagerFactoryBuilderImpl.metadata(EntityManagerFactoryBuilderImpl.java:1442) ~[hibernate-core-6.6.11.Final.jar:6.6.11.Final]
	at org.hibernate.jpa.boot.internal.EntityManagerFactoryBuilderImpl.build(EntityManagerFactoryBuilderImpl.java:1513) ~[hibernate-core-6.6.11.Final.jar:6.6.11.Final]
	at org.springframework.orm.jpa.vendor.SpringHibernateJpaPersistenceProvider.createContainerEntityManagerFactory(SpringHibernateJpaPersistenceProvider.java:66) ~[spring-orm-6.2.5.jar:6.2.5]
	at org.springframework.orm.jpa.LocalContainerEntityManagerFactoryBean.createNativeEntityManagerFactory(LocalContainerEntityManagerFactoryBean.java:390) ~[spring-orm-6.2.5.jar:6.2.5]
	at org.springframework.orm.jpa.AbstractEntityManagerFactoryBean.buildNativeEntityManagerFactory(AbstractEntityManagerFactoryBean.java:419) ~[spring-orm-6.2.5.jar:6.2.5]
	at org.springframework.orm.jpa.AbstractEntityManagerFactoryBean.afterPropertiesSet(AbstractEntityManagerFactoryBean.java:400) ~[spring-orm-6.2.5.jar:6.2.5]
	at org.springframework.orm.jpa.LocalContainerEntityManagerFactoryBean.afterPropertiesSet(LocalContainerEntityManagerFactoryBean.java:366) ~[spring-orm-6.2.5.jar:6.2.5]
	at org.springframework.beans.factory.support.AbstractAutowireCapableBeanFactory.invokeInitMethods(AbstractAutowireCapableBeanFactory.java:1859) ~[spring-beans-6.2.5.jar:6.2.5]
	at org.springframework.beans.factory.support.AbstractAutowireCapableBeanFactory.initializeBean(AbstractAutowireCapableBeanFactory.java:1808) ~[spring-beans-6.2.5.jar:6.2.5]
	at org.springframework.beans.factory.support.AbstractAutowireCapableBeanFactory.doCreateBean(AbstractAutowireCapableBeanFactory.java:601) ~[spring-beans-6.2.5.jar:6.2.5]
	at org.springframework.beans.factory.support.AbstractAutowireCapableBeanFactory.createBean(AbstractAutowireCapableBeanFactory.java:523) ~[spring-beans-6.2.5.jar:6.2.5]
	at org.springframework.beans.factory.support.AbstractBeanFactory.lambda$doGetBean$0(AbstractBeanFactory.java:339) ~[spring-beans-6.2.5.jar:6.2.5]
	at org.springframework.beans.factory.support.DefaultSingletonBeanRegistry.getSingleton(DefaultSingletonBeanRegistry.java:347) ~[spring-beans-6.2.5.jar:6.2.5]
	at org.springframework.beans.factory.support.AbstractBeanFactory.doGetBean(AbstractBeanFactory.java:337) ~[spring-beans-6.2.5.jar:6.2.5]
	at org.springframework.beans.factory.support.AbstractBeanFactory.getBean(AbstractBeanFactory.java:207) ~[spring-beans-6.2.5.jar:6.2.5]
	at org.springframework.context.support.AbstractApplicationContext.finishBeanFactoryInitialization(AbstractApplicationContext.java:970) ~[spring-context-6.2.5.jar:6.2.5]
	at org.springframework.context.support.AbstractApplicationContext.refresh(AbstractApplicationContext.java:627) ~[spring-context-6.2.5.jar:6.2.5]
	at org.springframework.boot.SpringApplication.refresh(SpringApplication.java:752) ~[spring-boot-3.4.4.jar:3.4.4]
	at org.springframework.boot.SpringApplication.refreshContext(SpringApplication.java:439) ~[spring-boot-3.4.4.jar:3.4.4]
	at org.springframework.boot.SpringApplication.run(SpringApplication.java:318) ~[spring-boot-3.4.4.jar:3.4.4]
	at org.springframework.boot.test.context.SpringBootContextLoader.lambda$loadContext$3(SpringBootContextLoader.java:144) ~[spring-boot-test-3.4.4.jar:3.4.4]
	at org.springframework.util.function.ThrowingSupplier.get(ThrowingSupplier.java:58) ~[spring-core-6.2.5.jar:6.2.5]
	at org.springframework.util.function.ThrowingSupplier.get(ThrowingSupplier.java:46) ~[spring-core-6.2.5.jar:6.2.5]
	at org.springframework.boot.SpringApplication.withHook(SpringApplication.java:1461) ~[spring-boot-3.4.4.jar:3.4.4]
	at org.springframework.boot.test.context.SpringBootContextLoader$ContextLoaderHook.run(SpringBootContextLoader.java:563) ~[spring-boot-test-3.4.4.jar:3.4.4]
	at org.springframework.boot.test.context.SpringBootContextLoader.loadContext(SpringBootContextLoader.java:144) ~[spring-boot-test-3.4.4.jar:3.4.4]
	at org.springframework.boot.test.context.SpringBootContextLoader.loadContext(SpringBootContextLoader.java:110) ~[spring-boot-test-3.4.4.jar:3.4.4]
	at org.springframework.test.context.cache.DefaultCacheAwareContextLoaderDelegate.loadContextInternal(DefaultCacheAwareContextLoaderDelegate.java:225) ~[spring-test-6.2.5.jar:6.2.5]
	at org.springframework.test.context.cache.DefaultCacheAwareContextLoaderDelegate.loadContext(DefaultCacheAwareContextLoaderDelegate.java:152) ~[spring-test-6.2.5.jar:6.2.5]
	at org.springframework.test.context.support.DefaultTestContext.getApplicationContext(DefaultTestContext.java:130) ~[spring-test-6.2.5.jar:6.2.5]
	at org.springframework.test.context.web.ServletTestExecutionListener.setUpRequestContextIfNecessary(ServletTestExecutionListener.java:200) ~[spring-test-6.2.5.jar:6.2.5]
	at org.springframework.test.context.web.ServletTestExecutionListener.prepareTestInstance(ServletTestExecutionListener.java:139) ~[spring-test-6.2.5.jar:6.2.5]
	at org.springframework.test.context.TestContextManager.prepareTestInstance(TestContextManager.java:260) ~[spring-test-6.2.5.jar:6.2.5]
	at org.springframework.test.context.junit.jupiter.SpringExtension.postProcessTestInstance(SpringExtension.java:160) ~[spring-test-6.2.5.jar:6.2.5]
	at org.junit.jupiter.engine.descriptor.ClassBasedTestDescriptor.lambda$invokeTestInstancePostProcessors$11(ClassBasedTestDescriptor.java:378) ~[junit-jupiter-engine-5.11.4.jar:5.11.4]
	at org.junit.jupiter.engine.descriptor.ClassBasedTestDescriptor.executeAndMaskThrowable(ClassBasedTestDescriptor.java:383) ~[junit-jupiter-engine-5.11.4.jar:5.11.4]
	at org.junit.jupiter.engine.descriptor.ClassBasedTestDescriptor.lambda$invokeTestInstancePostProcessors$12(ClassBasedTestDescriptor.java:378) ~[junit-jupiter-engine-5.11.4.jar:5.11.4]
	at java.base/java.util.stream.ForEachOps$ForEachOp$OfRef.accept(ForEachOps.java:184) ~[na:na]
	at java.base/java.util.stream.ReferencePipeline$3$1.accept(ReferencePipeline.java:215) ~[na:na]
	at java.base/java.util.stream.ReferencePipeline$2$1.accept(ReferencePipeline.java:197) ~[na:na]
	at java.base/java.util.stream.ReferencePipeline$3$1.accept(ReferencePipeline.java:215) ~[na:na]
	at java.base/java.util.ArrayList$ArrayListSpliterator.forEachRemaining(ArrayList.java:1709) ~[na:na]
	at java.base/java.util.stream.AbstractPipeline.copyInto(AbstractPipeline.java:570) ~[na:na]
	at java.base/java.util.stream.AbstractPipeline.wrapAndCopyInto(AbstractPipeline.java:560) ~[na:na]
	at java.base/java.util.stream.ForEachOps$ForEachOp.evaluateSequential(ForEachOps.java:151) ~[na:na]
	at java.base/java.util.stream.ForEachOps$ForEachOp$OfRef.evaluateSequential(ForEachOps.java:174) ~[na:na]
	at java.base/java.util.stream.AbstractPipeline.evaluate(AbstractPipeline.java:265) ~[na:na]
	at java.base/java.util.stream.ReferencePipeline.forEach(ReferencePipeline.java:636) ~[na:na]
	at org.junit.jupiter.engine.descriptor.ClassBasedTestDescriptor.invokeTestInstancePostProcessors(ClassBasedTestDescriptor.java:377) ~[junit-jupiter-engine-5.11.4.jar:5.11.4]
	at org.junit.jupiter.engine.descriptor.ClassBasedTestDescriptor.lambda$instantiateAndPostProcessTestInstance$7(ClassBasedTestDescriptor.java:290) ~[junit-jupiter-engine-5.11.4.jar:5.11.4]
	at org.junit.platform.engine.support.hierarchical.ThrowableCollector.execute(ThrowableCollector.java:73) ~[junit-platform-engine-1.11.4.jar:1.11.4]
	at org.junit.jupiter.engine.descriptor.ClassBasedTestDescriptor.instantiateAndPostProcessTestInstance(ClassBasedTestDescriptor.java:289) ~[junit-jupiter-engine-5.11.4.jar:5.11.4]
	at org.junit.jupiter.engine.descriptor.ClassBasedTestDescriptor.lambda$testInstancesProvider$5(ClassBasedTestDescriptor.java:279) ~[junit-jupiter-engine-5.11.4.jar:5.11.4]
	at java.base/java.util.Optional.orElseGet(Optional.java:364) ~[na:na]
	at org.junit.jupiter.engine.descriptor.ClassBasedTestDescriptor.lambda$testInstancesProvider$6(ClassBasedTestDescriptor.java:278) ~[junit-jupiter-engine-5.11.4.jar:5.11.4]
	at org.junit.jupiter.engine.execution.TestInstancesProvider.getTestInstances(TestInstancesProvider.java:31) ~[junit-jupiter-engine-5.11.4.jar:5.11.4]
	at org.junit.jupiter.engine.descriptor.TestMethodTestDescriptor.lambda$prepare$1(TestMethodTestDescriptor.java:105) ~[junit-jupiter-engine-5.11.4.jar:5.11.4]
	at org.junit.platform.engine.support.hierarchical.ThrowableCollector.execute(ThrowableCollector.java:73) ~[junit-platform-engine-1.11.4.jar:1.11.4]
	at org.junit.jupiter.engine.descriptor.TestMethodTestDescriptor.prepare(TestMethodTestDescriptor.java:104) ~[junit-jupiter-engine-5.11.4.jar:5.11.4]
	at org.junit.jupiter.engine.descriptor.TestMethodTestDescriptor.prepare(TestMethodTestDescriptor.java:68) ~[junit-jupiter-engine-5.11.4.jar:5.11.4]
	at org.junit.platform.engine.support.hierarchical.NodeTestTask.lambda$prepare$2(NodeTestTask.java:128) ~[junit-platform-engine-1.11.4.jar:1.11.4]
	at org.junit.platform.engine.support.hierarchical.ThrowableCollector.execute(ThrowableCollector.java:73) ~[junit-platform-engine-1.11.4.jar:1.11.4]
	at org.junit.platform.engine.support.hierarchical.NodeTestTask.prepare(NodeTestTask.java:128) ~[junit-platform-engine-1.11.4.jar:1.11.4]
	at org.junit.platform.engine.support.hierarchical.NodeTestTask.execute(NodeTestTask.java:95) ~[junit-platform-engine-1.11.4.jar:1.11.4]
	at java.base/java.util.ArrayList.forEach(ArrayList.java:1597) ~[na:na]
	at org.junit.platform.engine.support.hierarchical.SameThreadHierarchicalTestExecutorService.invokeAll(SameThreadHierarchicalTestExecutorService.java:41) ~[junit-platform-engine-1.11.4.jar:1.11.4]
	at org.junit.platform.engine.support.hierarchical.NodeTestTask.lambda$executeRecursively$6(NodeTestTask.java:160) ~[junit-platform-engine-1.11.4.jar:1.11.4]
	at org.junit.platform.engine.support.hierarchical.ThrowableCollector.execute(ThrowableCollector.java:73) ~[junit-platform-engine-1.11.4.jar:1.11.4]
	at org.junit.platform.engine.support.hierarchical.NodeTestTask.lambda$executeRecursively$8(NodeTestTask.java:146) ~[junit-platform-engine-1.11.4.jar:1.11.4]
	at org.junit.platform.engine.support.hierarchical.Node.around(Node.java:137) ~[junit-platform-engine-1.11.4.jar:1.11.4]
	at org.junit.platform.engine.support.hierarchical.NodeTestTask.lambda$executeRecursively$9(NodeTestTask.java:144) ~[junit-platform-engine-1.11.4.jar:1.11.4]
	at org.junit.platform.engine.support.hierarchical.ThrowableCollector.execute(ThrowableCollector.java:73) ~[junit-platform-engine-1.11.4.jar:1.11.4]
	at org.junit.platform.engine.support.hierarchical.NodeTestTask.executeRecursively(NodeTestTask.java:143) ~[junit-platform-engine-1.11.4.jar:1.11.4]
	at org.junit.platform.engine.support.hierarchical.NodeTestTask.execute(NodeTestTask.java:100) ~[junit-platform-engine-1.11.4.jar:1.11.4]
	at java.base/java.util.ArrayList.forEach(ArrayList.java:1597) ~[na:na]
	at org.junit.platform.engine.support.hierarchical.SameThreadHierarchicalTestExecutorService.invokeAll(SameThreadHierarchicalTestExecutorService.java:41) ~[junit-platform-engine-1.11.4.jar:1.11.4]
	at org.junit.platform.engine.support.hierarchical.NodeTestTask.lambda$executeRecursively$6(NodeTestTask.java:160) ~[junit-platform-engine-1.11.4.jar:1.11.4]
	at org.junit.platform.engine.support.hierarchical.ThrowableCollector.execute(ThrowableCollector.java:73) ~[junit-platform-engine-1.11.4.jar:1.11.4]
	at org.junit.platform.engine.support.hierarchical.NodeTestTask.lambda$executeRecursively$8(NodeTestTask.java:146) ~[junit-platform-engine-1.11.4.jar:1.11.4]
	at org.junit.platform.engine.support.hierarchical.Node.around(Node.java:137) ~[junit-platform-engine-1.11.4.jar:1.11.4]
	at org.junit.platform.engine.support.hierarchical.NodeTestTask.lambda$executeRecursively$9(NodeTestTask.java:144) ~[junit-platform-engine-1.11.4.jar:1.11.4]
	at org.junit.platform.engine.support.hierarchical.ThrowableCollector.execute(ThrowableCollector.java:73) ~[junit-platform-engine-1.11.4.jar:1.11.4]
	at org.junit.platform.engine.support.hierarchical.NodeTestTask.executeRecursively(NodeTestTask.java:143) ~[junit-platform-engine-1.11.4.jar:1.11.4]
	at org.junit.platform.engine.support.hierarchical.NodeTestTask.execute(NodeTestTask.java:100) ~[junit-platform-engine-1.11.4.jar:1.11.4]
	at org.junit.platform.engine.support.hierarchical.SameThreadHierarchicalTestExecutorService.submit(SameThreadHierarchicalTestExecutorService.java:35) ~[junit-platform-engine-1.11.4.jar:1.11.4]
	at org.junit.platform.engine.support.hierarchical.HierarchicalTestExecutor.execute(HierarchicalTestExecutor.java:57) ~[junit-platform-engine-1.11.4.jar:1.11.4]
	at org.junit.platform.engine.support.hierarchical.HierarchicalTestEngine.execute(HierarchicalTestEngine.java:54) ~[junit-platform-engine-1.11.4.jar:1.11.4]
	at org.junit.platform.launcher.core.EngineExecutionOrchestrator.execute(EngineExecutionOrchestrator.java:198) ~[junit-platform-launcher-1.11.4.jar:1.11.4]
	at org.junit.platform.launcher.core.EngineExecutionOrchestrator.execute(EngineExecutionOrchestrator.java:169) ~[junit-platform-launcher-1.11.4.jar:1.11.4]
	at org.junit.platform.launcher.core.EngineExecutionOrchestrator.execute(EngineExecutionOrchestrator.java:93) ~[junit-platform-launcher-1.11.4.jar:1.11.4]
	at org.junit.platform.launcher.core.EngineExecutionOrchestrator.lambda$execute$0(EngineExecutionOrchestrator.java:58) ~[junit-platform-launcher-1.11.4.jar:1.11.4]
	at org.junit.platform.launcher.core.EngineExecutionOrchestrator.withInterceptedStreams(EngineExecutionOrchestrator.java:141) ~[junit-platform-launcher-1.11.4.jar:1.11.4]
	at org.junit.platform.launcher.core.EngineExecutionOrchestrator.execute(EngineExecutionOrchestrator.java:57) ~[junit-platform-launcher-1.11.4.jar:1.11.4]
	at org.junit.platform.launcher.core.DefaultLauncher.execute(DefaultLauncher.java:103) ~[junit-platform-launcher-1.11.4.jar:1.11.4]
	at org.junit.platform.launcher.core.DefaultLauncher.execute(DefaultLauncher.java:85) ~[junit-platform-launcher-1.11.4.jar:1.11.4]
	at org.junit.platform.launcher.core.DelegatingLauncher.execute(DelegatingLauncher.java:47) ~[junit-platform-launcher-1.11.4.jar:1.11.4]
	at org.apache.maven.surefire.junitplatform.LazyLauncher.execute(LazyLauncher.java:56) ~[surefire-junit-platform-3.5.2.jar:3.5.2]
	at org.apache.maven.surefire.junitplatform.JUnitPlatformProvider.execute(JUnitPlatformProvider.java:184) ~[surefire-junit-platform-3.5.2.jar:3.5.2]
	at org.apache.maven.surefire.junitplatform.JUnitPlatformProvider.invokeAllTests(JUnitPlatformProvider.java:148) ~[surefire-junit-platform-3.5.2.jar:3.5.2]
	at org.apache.maven.surefire.junitplatform.JUnitPlatformProvider.invoke(JUnitPlatformProvider.java:122) ~[surefire-junit-platform-3.5.2.jar:3.5.2]
	at org.apache.maven.surefire.booter.ForkedBooter.runSuitesInProcess(ForkedBooter.java:385) ~[surefire-booter-3.5.2.jar:3.5.2]
	at org.apache.maven.surefire.booter.ForkedBooter.execute(ForkedBooter.java:162) ~[surefire-booter-3.5.2.jar:3.5.2]
	at org.apache.maven.surefire.booter.ForkedBooter.run(ForkedBooter.java:507) ~[surefire-booter-3.5.2.jar:3.5.2]
	at org.apache.maven.surefire.booter.ForkedBooter.main(ForkedBooter.java:495) ~[surefire-booter-3.5.2.jar:3.5.2]
Caused by: java.net.SocketException: Connection reset
	at java.base/sun.nio.ch.NioSocketImpl.implRead(NioSocketImpl.java:318) ~[na:na]
	at java.base/sun.nio.ch.NioSocketImpl.read(NioSocketImpl.java:346) ~[na:na]
	at java.base/sun.nio.ch.NioSocketImpl$1.read(NioSocketImpl.java:796) ~[na:na]
	at java.base/java.net.Socket$SocketInputStream.implRead(Socket.java:1116) ~[na:na]
	at java.base/java.net.Socket$SocketInputStream.read(Socket.java:1103) ~[na:na]
	at java.base/sun.security.ssl.SSLSocketInputRecord.read(SSLSocketInputRecord.java:489) ~[na:na]
	at java.base/sun.security.ssl.SSLSocketInputRecord.readHeader(SSLSocketInputRecord.java:483) ~[na:na]
	at java.base/sun.security.ssl.SSLSocketInputRecord.bytesInCompletePacket(SSLSocketInputRecord.java:70) ~[na:na]
	at java.base/sun.security.ssl.SSLSocketImpl.readApplicationRecord(SSLSocketImpl.java:1462) ~[na:na]
	at java.base/sun.security.ssl.SSLSocketImpl$AppInputStream.read(SSLSocketImpl.java:1068) ~[na:na]
	at org.postgresql.core.VisibleBufferedInputStream.readMore(VisibleBufferedInputStream.java:192) ~[postgresql-42.7.5.jar:42.7.5]
	at org.postgresql.core.VisibleBufferedInputStream.ensureBytes(VisibleBufferedInputStream.java:159) ~[postgresql-42.7.5.jar:42.7.5]
	at org.postgresql.core.VisibleBufferedInputStream.ensureBytes(VisibleBufferedInputStream.java:144) ~[postgresql-42.7.5.jar:42.7.5]
	at org.postgresql.core.VisibleBufferedInputStream.read(VisibleBufferedInputStream.java:76) ~[postgresql-42.7.5.jar:42.7.5]
	at org.postgresql.core.PGStream.receiveChar(PGStream.java:476) ~[postgresql-42.7.5.jar:42.7.5]
	at org.postgresql.core.v3.QueryExecutorImpl.processResults(QueryExecutorImpl.java:2174) ~[postgresql-42.7.5.jar:42.7.5]
	at org.postgresql.core.v3.QueryExecutorImpl.execute(QueryExecutorImpl.java:372) ~[postgresql-42.7.5.jar:42.7.5]
	... 128 common frames omitted

&amp#27;[2m2025-06-23T13:59:33.410-03:00&amp#27;[0;39m &amp#27;[33m WARN&amp#27;[0;39m &amp#27;[35m34388&amp#27;[0;39m &amp#27;[2m--- [temqueser] [           main] &amp#27;[0;39m&amp#27;[36mo.h.e.j.e.i.JdbcEnvironmentInitiator    &amp#27;[0;39m &amp#27;[2m:&amp#27;[0;39m HHH000339: Could not obtain connection metadata: org.postgresql.util.PSQLException: An I/O error occurred while sending to the backend.
&amp#27;[2m2025-06-23T13:59:33.423-03:00&amp#27;[0;39m &amp#27;[33m WARN&amp#27;[0;39m &amp#27;[35m34388&amp#27;[0;39m &amp#27;[2m--- [temqueser] [           main] &amp#27;[0;39m&amp#27;[36morg.hibernate.orm.deprecation           &amp#27;[0;39m &amp#27;[2m:&amp#27;[0;39m HHH90000025: PostgreSQLDialect does not need to be specified explicitly using 'hibernate.dialect' (remove the property setting and it will be selected by default)
&amp#27;[2m2025-06-23T13:59:33.433-03:00&amp#27;[0;39m &amp#27;[32m INFO&amp#27;[0;39m &amp#27;[35m34388&amp#27;[0;39m &amp#27;[2m--- [temqueser] [           main] &amp#27;[0;39m&amp#27;[36morg.hibernate.orm.connections.pooling   &amp#27;[0;39m &amp#27;[2m:&amp#27;[0;39m HHH10001005: Database info:
	Database JDBC URL [Connecting through datasource 'HikariDataSource (HikariPool-1)']
	Database driver: undefined/unknown
	Database version: 12.0
	Autocommit mode: undefined/unknown
	Isolation level: undefined/unknown
	Minimum pool size: undefined/unknown
	Maximum pool size: undefined/unknown
&amp#27;[2m2025-06-23T13:59:34.245-03:00&amp#27;[0;39m &amp#27;[32m INFO&amp#27;[0;39m &amp#27;[35m34388&amp#27;[0;39m &amp#27;[2m--- [temqueser] [           main] &amp#27;[0;39m&amp#27;[36mo.h.e.t.j.p.i.JtaPlatformInitiator      &amp#27;[0;39m &amp#27;[2m:&amp#27;[0;39m HHH000489: No JTA platform available (set 'hibernate.transaction.jta.platform' to enable JTA platform integration)
&amp#27;[2m2025-06-23T13:59:45.197-03:00&amp#27;[0;39m &amp#27;[32mDEBUG&amp#27;[0;39m &amp#27;[35m34388&amp#27;[0;39m &amp#27;[2m--- [temqueser] [           main] &amp#27;[0;39m&amp#27;[36morg.hibernate.SQL                       &amp#27;[0;39m &amp#27;[2m:&amp#27;[0;39m 
    create table cliente (
        id bigint generated by default as identity,
        cpf_cliente varchar(255) not null,
        email_cliente varchar(100) not null,
        nome_cliente varchar(100) not null,
        senha_cliente varchar(30) not null,
        telefone_cliente varchar(12) not null,
        primary key (id)
    )
Hibernate: 
    create table cliente (
        id bigint generated by default as identity,
        cpf_cliente varchar(255) not null,
        email_cliente varchar(100) not null,
        nome_cliente varchar(100) not null,
        senha_cliente varchar(30) not null,
        telefone_cliente varchar(12) not null,
        primary key (id)
    )
&amp#27;[2m2025-06-23T13:59:45.427-03:00&amp#27;[0;39m &amp#27;[32mDEBUG&amp#27;[0;39m &amp#27;[35m34388&amp#27;[0;39m &amp#27;[2m--- [temqueser] [           main] &amp#27;[0;39m&amp#27;[36morg.hibernate.SQL                       &amp#27;[0;39m &amp#27;[2m:&amp#27;[0;39m 
    create table conteudo (
        id_conteudo bigint generated by default as identity,
        data_conteudo date not null,
        descricao_conteudo varchar(5000) not null,
        img_url_conteudo varchar(255),
        titulo_conteudo varchar(150) not null,
        primary key (id_conteudo)
    )
Hibernate: 
    create table conteudo (
        id_conteudo bigint generated by default as identity,
        data_conteudo date not null,
        descricao_conteudo varchar(5000) not null,
        img_url_conteudo varchar(255),
        titulo_conteudo varchar(150) not null,
        primary key (id_conteudo)
    )
&amp#27;[2m2025-06-23T13:59:45.683-03:00&amp#27;[0;39m &amp#27;[32mDEBUG&amp#27;[0;39m &amp#27;[35m34388&amp#27;[0;39m &amp#27;[2m--- [temqueser] [           main] &amp#27;[0;39m&amp#27;[36morg.hibernate.SQL                       &amp#27;[0;39m &amp#27;[2m:&amp#27;[0;39m 
    create table conteudo_socio (
        conteudo_id bigint not null,
        socio_id bigint not null
    )
Hibernate: 
    create table conteudo_socio (
        conteudo_id bigint not null,
        socio_id bigint not null
    )
&amp#27;[2m2025-06-23T13:59:45.913-03:00&amp#27;[0;39m &amp#27;[32mDEBUG&amp#27;[0;39m &amp#27;[35m34388&amp#27;[0;39m &amp#27;[2m--- [temqueser] [           main] &amp#27;[0;39m&amp#27;[36morg.hibernate.SQL                       &amp#27;[0;39m &amp#27;[2m:&amp#27;[0;39m 
    create table evento (
        id_evento bigint generated by default as identity,
        data_evento date not null,
        detalhe_evento varchar(300) not null,
        hora_evento time(6) not null,
        img_url_evento varchar(255),
        local_evento varchar(100),
        organizador_evento varchar(100) not null,
        parceiro_evento varchar(100),
        preco_evento float(53),
        titulo_evento varchar(150) not null,
        primary key (id_evento)
    )
Hibernate: 
    create table evento (
        id_evento bigint generated by default as identity,
        data_evento date not null,
        detalhe_evento varchar(300) not null,
        hora_evento time(6) not null,
        img_url_evento varchar(255),
        local_evento varchar(100),
        organizador_evento varchar(100) not null,
        parceiro_evento varchar(100),
        preco_evento float(53),
        titulo_evento varchar(150) not null,
        primary key (id_evento)
    )
&amp#27;[2m2025-06-23T13:59:46.151-03:00&amp#27;[0;39m &amp#27;[32mDEBUG&amp#27;[0;39m &amp#27;[35m34388&amp#27;[0;39m &amp#27;[2m--- [temqueser] [           main] &amp#27;[0;39m&amp#27;[36morg.hibernate.SQL                       &amp#27;[0;39m &amp#27;[2m:&amp#27;[0;39m 
    create table evento_cliente (
        evento_id bigint not null,
        cliente_id bigint not null
    )
Hibernate: 
    create table evento_cliente (
        evento_id bigint not null,
        cliente_id bigint not null
    )
&amp#27;[2m2025-06-23T13:59:46.384-03:00&amp#27;[0;39m &amp#27;[32mDEBUG&amp#27;[0;39m &amp#27;[35m34388&amp#27;[0;39m &amp#27;[2m--- [temqueser] [           main] &amp#27;[0;39m&amp#27;[36morg.hibernate.SQL                       &amp#27;[0;39m &amp#27;[2m:&amp#27;[0;39m 
    create table evento_socio (
        evento_id bigint not null,
        socio_id bigint not null
    )
Hibernate: 
    create table evento_socio (
        evento_id bigint not null,
        socio_id bigint not null
    )
&amp#27;[2m2025-06-23T13:59:46.628-03:00&amp#27;[0;39m &amp#27;[32mDEBUG&amp#27;[0;39m &amp#27;[35m34388&amp#27;[0;39m &amp#27;[2m--- [temqueser] [           main] &amp#27;[0;39m&amp#27;[36morg.hibernate.SQL                       &amp#27;[0;39m &amp#27;[2m:&amp#27;[0;39m 
    create table inscricao (
        id bigint generated by default as identity,
        nome_inscricao varchar(255) not null,
        pago boolean not null,
        cliente_id bigint not null,
        evento_id bigint not null,
        primary key (id)
    )
Hibernate: 
    create table inscricao (
        id bigint generated by default as identity,
        nome_inscricao varchar(255) not null,
        pago boolean not null,
        cliente_id bigint not null,
        evento_id bigint not null,
        primary key (id)
    )
&amp#27;[2m2025-06-23T13:59:46.871-03:00&amp#27;[0;39m &amp#27;[32mDEBUG&amp#27;[0;39m &amp#27;[35m34388&amp#27;[0;39m &amp#27;[2m--- [temqueser] [           main] &amp#27;[0;39m&amp#27;[36morg.hibernate.SQL                       &amp#27;[0;39m &amp#27;[2m:&amp#27;[0;39m 
    create table socio (
        id bigint generated by default as identity,
        cpf_socio varchar(14) not null,
        email_socio varchar(100) not null,
        is_socio_master boolean,
        nome_socio varchar(100) not null,
        senha_socio varchar(30) not null,
        telefone_socio varchar(15) not null,
        primary key (id)
    )
Hibernate: 
    create table socio (
        id bigint generated by default as identity,
        cpf_socio varchar(14) not null,
        email_socio varchar(100) not null,
        is_socio_master boolean,
        nome_socio varchar(100) not null,
        senha_socio varchar(30) not null,
        telefone_socio varchar(15) not null,
        primary key (id)
    )
&amp#27;[2m2025-06-23T13:59:47.583-03:00&amp#27;[0;39m &amp#27;[32mDEBUG&amp#27;[0;39m &amp#27;[35m34388&amp#27;[0;39m &amp#27;[2m--- [temqueser] [           main] &amp#27;[0;39m&amp#27;[36morg.hibernate.SQL                       &amp#27;[0;39m &amp#27;[2m:&amp#27;[0;39m 
    create table socio_master (
        id bigint generated by default as identity,
        cpf_socio_master varchar(14) not null,
        email_socio_master varchar(100) not null,
        nome_socio_master varchar(100) not null,
        role varchar(255) check (role in ('SOCIO_MASTER')),
        senha_socio_master varchar(30) not null,
        telefone_socio_master varchar(15) not null,
        primary key (id)
    )
Hibernate: 
    create table socio_master (
        id bigint generated by default as identity,
        cpf_socio_master varchar(14) not null,
        email_socio_master varchar(100) not null,
        nome_socio_master varchar(100) not null,
        role varchar(255) check (role in ('SOCIO_MASTER')),
        senha_socio_master varchar(30) not null,
        telefone_socio_master varchar(15) not null,
        primary key (id)
    )
&amp#27;[2m2025-06-23T13:59:47.812-03:00&amp#27;[0;39m &amp#27;[32mDEBUG&amp#27;[0;39m &amp#27;[35m34388&amp#27;[0;39m &amp#27;[2m--- [temqueser] [           main] &amp#27;[0;39m&amp#27;[36morg.hibernate.SQL                       &amp#27;[0;39m &amp#27;[2m:&amp#27;[0;39m 
    alter table if exists cliente 
       drop constraint if exists UKeee5bs34e01995hn8sa12kqud
Hibernate: 
    alter table if exists cliente 
       drop constraint if exists UKeee5bs34e01995hn8sa12kqud
&amp#27;[2m2025-06-23T13:59:48.053-03:00&amp#27;[0;39m &amp#27;[33m WARN&amp#27;[0;39m &amp#27;[35m34388&amp#27;[0;39m &amp#27;[2m--- [temqueser] [           main] &amp#27;[0;39m&amp#27;[36mo.h.engine.jdbc.spi.SqlExceptionHelper  &amp#27;[0;39m &amp#27;[2m:&amp#27;[0;39m SQL Warning Code: 0, SQLState: 00000
&amp#27;[2m2025-06-23T13:59:48.053-03:00&amp#27;[0;39m &amp#27;[33m WARN&amp#27;[0;39m &amp#27;[35m34388&amp#27;[0;39m &amp#27;[2m--- [temqueser] [           main] &amp#27;[0;39m&amp#27;[36mo.h.engine.jdbc.spi.SqlExceptionHelper  &amp#27;[0;39m &amp#27;[2m:&amp#27;[0;39m constraint "ukeee5bs34e01995hn8sa12kqud" of relation "cliente" does not exist, skipping
&amp#27;[2m2025-06-23T13:59:48.053-03:00&amp#27;[0;39m &amp#27;[32mDEBUG&amp#27;[0;39m &amp#27;[35m34388&amp#27;[0;39m &amp#27;[2m--- [temqueser] [           main] &amp#27;[0;39m&amp#27;[36morg.hibernate.SQL                       &amp#27;[0;39m &amp#27;[2m:&amp#27;[0;39m 
    alter table if exists cliente 
       add constraint UKeee5bs34e01995hn8sa12kqud unique (cpf_cliente)
Hibernate: 
    alter table if exists cliente 
       add constraint UKeee5bs34e01995hn8sa12kqud unique (cpf_cliente)
&amp#27;[2m2025-06-23T13:59:48.286-03:00&amp#27;[0;39m &amp#27;[32mDEBUG&amp#27;[0;39m &amp#27;[35m34388&amp#27;[0;39m &amp#27;[2m--- [temqueser] [           main] &amp#27;[0;39m&amp#27;[36morg.hibernate.SQL                       &amp#27;[0;39m &amp#27;[2m:&amp#27;[0;39m 
    alter table if exists socio 
       drop constraint if exists UK6drauwwxtvxhybdw4fnpc36jm
Hibernate: 
    alter table if exists socio 
       drop constraint if exists UK6drauwwxtvxhybdw4fnpc36jm
&amp#27;[2m2025-06-23T13:59:48.510-03:00&amp#27;[0;39m &amp#27;[33m WARN&amp#27;[0;39m &amp#27;[35m34388&amp#27;[0;39m &amp#27;[2m--- [temqueser] [           main] &amp#27;[0;39m&amp#27;[36mo.h.engine.jdbc.spi.SqlExceptionHelper  &amp#27;[0;39m &amp#27;[2m:&amp#27;[0;39m SQL Warning Code: 0, SQLState: 00000
&amp#27;[2m2025-06-23T13:59:48.510-03:00&amp#27;[0;39m &amp#27;[33m WARN&amp#27;[0;39m &amp#27;[35m34388&amp#27;[0;39m &amp#27;[2m--- [temqueser] [           main] &amp#27;[0;39m&amp#27;[36mo.h.engine.jdbc.spi.SqlExceptionHelper  &amp#27;[0;39m &amp#27;[2m:&amp#27;[0;39m constraint "uk6drauwwxtvxhybdw4fnpc36jm" of relation "socio" does not exist, skipping
&amp#27;[2m2025-06-23T13:59:48.510-03:00&amp#27;[0;39m &amp#27;[32mDEBUG&amp#27;[0;39m &amp#27;[35m34388&amp#27;[0;39m &amp#27;[2m--- [temqueser] [           main] &amp#27;[0;39m&amp#27;[36morg.hibernate.SQL                       &amp#27;[0;39m &amp#27;[2m:&amp#27;[0;39m 
    alter table if exists socio 
       add constraint UK6drauwwxtvxhybdw4fnpc36jm unique (cpf_socio)
Hibernate: 
    alter table if exists socio 
       add constraint UK6drauwwxtvxhybdw4fnpc36jm unique (cpf_socio)
&amp#27;[2m2025-06-23T13:59:48.729-03:00&amp#27;[0;39m &amp#27;[32mDEBUG&amp#27;[0;39m &amp#27;[35m34388&amp#27;[0;39m &amp#27;[2m--- [temqueser] [           main] &amp#27;[0;39m&amp#27;[36morg.hibernate.SQL                       &amp#27;[0;39m &amp#27;[2m:&amp#27;[0;39m 
    alter table if exists socio 
       drop constraint if exists UK90pgnhenl8olakhhr9qitslrt
Hibernate: 
    alter table if exists socio 
       drop constraint if exists UK90pgnhenl8olakhhr9qitslrt
&amp#27;[2m2025-06-23T13:59:48.963-03:00&amp#27;[0;39m &amp#27;[33m WARN&amp#27;[0;39m &amp#27;[35m34388&amp#27;[0;39m &amp#27;[2m--- [temqueser] [           main] &amp#27;[0;39m&amp#27;[36mo.h.engine.jdbc.spi.SqlExceptionHelper  &amp#27;[0;39m &amp#27;[2m:&amp#27;[0;39m SQL Warning Code: 0, SQLState: 00000
&amp#27;[2m2025-06-23T13:59:48.963-03:00&amp#27;[0;39m &amp#27;[33m WARN&amp#27;[0;39m &amp#27;[35m34388&amp#27;[0;39m &amp#27;[2m--- [temqueser] [           main] &amp#27;[0;39m&amp#27;[36mo.h.engine.jdbc.spi.SqlExceptionHelper  &amp#27;[0;39m &amp#27;[2m:&amp#27;[0;39m constraint "uk90pgnhenl8olakhhr9qitslrt" of relation "socio" does not exist, skipping
&amp#27;[2m2025-06-23T13:59:48.963-03:00&amp#27;[0;39m &amp#27;[32mDEBUG&amp#27;[0;39m &amp#27;[35m34388&amp#27;[0;39m &amp#27;[2m--- [temqueser] [           main] &amp#27;[0;39m&amp#27;[36morg.hibernate.SQL                       &amp#27;[0;39m &amp#27;[2m:&amp#27;[0;39m 
    alter table if exists socio 
       add constraint UK90pgnhenl8olakhhr9qitslrt unique (email_socio)
Hibernate: 
    alter table if exists socio 
       add constraint UK90pgnhenl8olakhhr9qitslrt unique (email_socio)
&amp#27;[2m2025-06-23T13:59:49.183-03:00&amp#27;[0;39m &amp#27;[32mDEBUG&amp#27;[0;39m &amp#27;[35m34388&amp#27;[0;39m &amp#27;[2m--- [temqueser] [           main] &amp#27;[0;39m&amp#27;[36morg.hibernate.SQL                       &amp#27;[0;39m &amp#27;[2m:&amp#27;[0;39m 
    alter table if exists socio 
       drop constraint if exists UK9pxjv54emh5p71196442u5077
Hibernate: 
    alter table if exists socio 
       drop constraint if exists UK9pxjv54emh5p71196442u5077
&amp#27;[2m2025-06-23T13:59:49.405-03:00&amp#27;[0;39m &amp#27;[33m WARN&amp#27;[0;39m &amp#27;[35m34388&amp#27;[0;39m &amp#27;[2m--- [temqueser] [           main] &amp#27;[0;39m&amp#27;[36mo.h.engine.jdbc.spi.SqlExceptionHelper  &amp#27;[0;39m &amp#27;[2m:&amp#27;[0;39m SQL Warning Code: 0, SQLState: 00000
&amp#27;[2m2025-06-23T13:59:49.410-03:00&amp#27;[0;39m &amp#27;[33m WARN&amp#27;[0;39m &amp#27;[35m34388&amp#27;[0;39m &amp#27;[2m--- [temqueser] [           main] &amp#27;[0;39m&amp#27;[36mo.h.engine.jdbc.spi.SqlExceptionHelper  &amp#27;[0;39m &amp#27;[2m:&amp#27;[0;39m constraint "uk9pxjv54emh5p71196442u5077" of relation "socio" does not exist, skipping
&amp#27;[2m2025-06-23T13:59:49.410-03:00&amp#27;[0;39m &amp#27;[32mDEBUG&amp#27;[0;39m &amp#27;[35m34388&amp#27;[0;39m &amp#27;[2m--- [temqueser] [           main] &amp#27;[0;39m&amp#27;[36morg.hibernate.SQL                       &amp#27;[0;39m &amp#27;[2m:&amp#27;[0;39m 
    alter table if exists socio 
       add constraint UK9pxjv54emh5p71196442u5077 unique (nome_socio)
Hibernate: 
    alter table if exists socio 
       add constraint UK9pxjv54emh5p71196442u5077 unique (nome_socio)
&amp#27;[2m2025-06-23T13:59:49.639-03:00&amp#27;[0;39m &amp#27;[32mDEBUG&amp#27;[0;39m &amp#27;[35m34388&amp#27;[0;39m &amp#27;[2m--- [temqueser] [           main] &amp#27;[0;39m&amp#27;[36morg.hibernate.SQL                       &amp#27;[0;39m &amp#27;[2m:&amp#27;[0;39m 
    alter table if exists socio 
       drop constraint if exists UK46ro5h8lfemei6wonywiibo65
Hibernate: 
    alter table if exists socio 
       drop constraint if exists UK46ro5h8lfemei6wonywiibo65
&amp#27;[2m2025-06-23T13:59:49.852-03:00&amp#27;[0;39m &amp#27;[33m WARN&amp#27;[0;39m &amp#27;[35m34388&amp#27;[0;39m &amp#27;[2m--- [temqueser] [           main] &amp#27;[0;39m&amp#27;[36mo.h.engine.jdbc.spi.SqlExceptionHelper  &amp#27;[0;39m &amp#27;[2m:&amp#27;[0;39m SQL Warning Code: 0, SQLState: 00000
&amp#27;[2m2025-06-23T13:59:49.852-03:00&amp#27;[0;39m &amp#27;[33m WARN&amp#27;[0;39m &amp#27;[35m34388&amp#27;[0;39m &amp#27;[2m--- [temqueser] [           main] &amp#27;[0;39m&amp#27;[36mo.h.engine.jdbc.spi.SqlExceptionHelper  &amp#27;[0;39m &amp#27;[2m:&amp#27;[0;39m constraint "uk46ro5h8lfemei6wonywiibo65" of relation "socio" does not exist, skipping
&amp#27;[2m2025-06-23T13:59:49.852-03:00&amp#27;[0;39m &amp#27;[32mDEBUG&amp#27;[0;39m &amp#27;[35m34388&amp#27;[0;39m &amp#27;[2m--- [temqueser] [           main] &amp#27;[0;39m&amp#27;[36morg.hibernate.SQL                       &amp#27;[0;39m &amp#27;[2m:&amp#27;[0;39m 
    alter table if exists socio 
       add constraint UK46ro5h8lfemei6wonywiibo65 unique (telefone_socio)
Hibernate: 
    alter table if exists socio 
       add constraint UK46ro5h8lfemei6wonywiibo65 unique (telefone_socio)
&amp#27;[2m2025-06-23T13:59:50.070-03:00&amp#27;[0;39m &amp#27;[32mDEBUG&amp#27;[0;39m &amp#27;[35m34388&amp#27;[0;39m &amp#27;[2m--- [temqueser] [           main] &amp#27;[0;39m&amp#27;[36morg.hibernate.SQL                       &amp#27;[0;39m &amp#27;[2m:&amp#27;[0;39m 
    alter table if exists socio_master 
       drop constraint if exists UK5v282u5cx057ubws7cj3eimjb
Hibernate: 
    alter table if exists socio_master 
       drop constraint if exists UK5v282u5cx057ubws7cj3eimjb
&amp#27;[2m2025-06-23T13:59:50.300-03:00&amp#27;[0;39m &amp#27;[33m WARN&amp#27;[0;39m &amp#27;[35m34388&amp#27;[0;39m &amp#27;[2m--- [temqueser] [           main] &amp#27;[0;39m&amp#27;[36mo.h.engine.jdbc.spi.SqlExceptionHelper  &amp#27;[0;39m &amp#27;[2m:&amp#27;[0;39m SQL Warning Code: 0, SQLState: 00000
&amp#27;[2m2025-06-23T13:59:50.301-03:00&amp#27;[0;39m &amp#27;[33m WARN&amp#27;[0;39m &amp#27;[35m34388&amp#27;[0;39m &amp#27;[2m--- [temqueser] [           main] &amp#27;[0;39m&amp#27;[36mo.h.engine.jdbc.spi.SqlExceptionHelper  &amp#27;[0;39m &amp#27;[2m:&amp#27;[0;39m constraint "uk5v282u5cx057ubws7cj3eimjb" of relation "socio_master" does not exist, skipping
&amp#27;[2m2025-06-23T13:59:50.301-03:00&amp#27;[0;39m &amp#27;[32mDEBUG&amp#27;[0;39m &amp#27;[35m34388&amp#27;[0;39m &amp#27;[2m--- [temqueser] [           main] &amp#27;[0;39m&amp#27;[36morg.hibernate.SQL                       &amp#27;[0;39m &amp#27;[2m:&amp#27;[0;39m 
    alter table if exists socio_master 
       add constraint UK5v282u5cx057ubws7cj3eimjb unique (cpf_socio_master)
Hibernate: 
    alter table if exists socio_master 
       add constraint UK5v282u5cx057ubws7cj3eimjb unique (cpf_socio_master)
&amp#27;[2m2025-06-23T13:59:50.531-03:00&amp#27;[0;39m &amp#27;[32mDEBUG&amp#27;[0;39m &amp#27;[35m34388&amp#27;[0;39m &amp#27;[2m--- [temqueser] [           main] &amp#27;[0;39m&amp#27;[36morg.hibernate.SQL                       &amp#27;[0;39m &amp#27;[2m:&amp#27;[0;39m 
    alter table if exists socio_master 
       drop constraint if exists UKfqs8f7irh99u8be3d0o4n81qi
Hibernate: 
    alter table if exists socio_master 
       drop constraint if exists UKfqs8f7irh99u8be3d0o4n81qi
&amp#27;[2m2025-06-23T13:59:50.762-03:00&amp#27;[0;39m &amp#27;[33m WARN&amp#27;[0;39m &amp#27;[35m34388&amp#27;[0;39m &amp#27;[2m--- [temqueser] [           main] &amp#27;[0;39m&amp#27;[36mo.h.engine.jdbc.spi.SqlExceptionHelper  &amp#27;[0;39m &amp#27;[2m:&amp#27;[0;39m SQL Warning Code: 0, SQLState: 00000
&amp#27;[2m2025-06-23T13:59:50.763-03:00&amp#27;[0;39m &amp#27;[33m WARN&amp#27;[0;39m &amp#27;[35m34388&amp#27;[0;39m &amp#27;[2m--- [temqueser] [           main] &amp#27;[0;39m&amp#27;[36mo.h.engine.jdbc.spi.SqlExceptionHelper  &amp#27;[0;39m &amp#27;[2m:&amp#27;[0;39m constraint "ukfqs8f7irh99u8be3d0o4n81qi" of relation "socio_master" does not exist, skipping
&amp#27;[2m2025-06-23T13:59:50.763-03:00&amp#27;[0;39m &amp#27;[32mDEBUG&amp#27;[0;39m &amp#27;[35m34388&amp#27;[0;39m &amp#27;[2m--- [temqueser] [           main] &amp#27;[0;39m&amp#27;[36morg.hibernate.SQL                       &amp#27;[0;39m &amp#27;[2m:&amp#27;[0;39m 
    alter table if exists socio_master 
       add constraint UKfqs8f7irh99u8be3d0o4n81qi unique (email_socio_master)
Hibernate: 
    alter table if exists socio_master 
       add constraint UKfqs8f7irh99u8be3d0o4n81qi unique (email_socio_master)
&amp#27;[2m2025-06-23T13:59:50.986-03:00&amp#27;[0;39m &amp#27;[32mDEBUG&amp#27;[0;39m &amp#27;[35m34388&amp#27;[0;39m &amp#27;[2m--- [temqueser] [           main] &amp#27;[0;39m&amp#27;[36morg.hibernate.SQL                       &amp#27;[0;39m &amp#27;[2m:&amp#27;[0;39m 
    alter table if exists socio_master 
       drop constraint if exists UKlxmihe6j73tboq5b7p2j4eeq9
Hibernate: 
    alter table if exists socio_master 
       drop constraint if exists UKlxmihe6j73tboq5b7p2j4eeq9
&amp#27;[2m2025-06-23T13:59:51.219-03:00&amp#27;[0;39m &amp#27;[33m WARN&amp#27;[0;39m &amp#27;[35m34388&amp#27;[0;39m &amp#27;[2m--- [temqueser] [           main] &amp#27;[0;39m&amp#27;[36mo.h.engine.jdbc.spi.SqlExceptionHelper  &amp#27;[0;39m &amp#27;[2m:&amp#27;[0;39m SQL Warning Code: 0, SQLState: 00000
&amp#27;[2m2025-06-23T13:59:51.220-03:00&amp#27;[0;39m &amp#27;[33m WARN&amp#27;[0;39m &amp#27;[35m34388&amp#27;[0;39m &amp#27;[2m--- [temqueser] [           main] &amp#27;[0;39m&amp#27;[36mo.h.engine.jdbc.spi.SqlExceptionHelper  &amp#27;[0;39m &amp#27;[2m:&amp#27;[0;39m constraint "uklxmihe6j73tboq5b7p2j4eeq9" of relation "socio_master" does not exist, skipping
&amp#27;[2m2025-06-23T13:59:51.220-03:00&amp#27;[0;39m &amp#27;[32mDEBUG&amp#27;[0;39m &amp#27;[35m34388&amp#27;[0;39m &amp#27;[2m--- [temqueser] [           main] &amp#27;[0;39m&amp#27;[36morg.hibernate.SQL                       &amp#27;[0;39m &amp#27;[2m:&amp#27;[0;39m 
    alter table if exists socio_master 
       add constraint UKlxmihe6j73tboq5b7p2j4eeq9 unique (nome_socio_master)
Hibernate: 
    alter table if exists socio_master 
       add constraint UKlxmihe6j73tboq5b7p2j4eeq9 unique (nome_socio_master)
&amp#27;[2m2025-06-23T13:59:51.445-03:00&amp#27;[0;39m &amp#27;[32mDEBUG&amp#27;[0;39m &amp#27;[35m34388&amp#27;[0;39m &amp#27;[2m--- [temqueser] [           main] &amp#27;[0;39m&amp#27;[36morg.hibernate.SQL                       &amp#27;[0;39m &amp#27;[2m:&amp#27;[0;39m 
    alter table if exists socio_master 
       drop constraint if exists UKhxhx3owe90cjnk5ws4ddl1nio
Hibernate: 
    alter table if exists socio_master 
       drop constraint if exists UKhxhx3owe90cjnk5ws4ddl1nio
&amp#27;[2m2025-06-23T13:59:51.737-03:00&amp#27;[0;39m &amp#27;[33m WARN&amp#27;[0;39m &amp#27;[35m34388&amp#27;[0;39m &amp#27;[2m--- [temqueser] [           main] &amp#27;[0;39m&amp#27;[36mo.h.engine.jdbc.spi.SqlExceptionHelper  &amp#27;[0;39m &amp#27;[2m:&amp#27;[0;39m SQL Warning Code: 0, SQLState: 00000
&amp#27;[2m2025-06-23T13:59:51.737-03:00&amp#27;[0;39m &amp#27;[33m WARN&amp#27;[0;39m &amp#27;[35m34388&amp#27;[0;39m &amp#27;[2m--- [temqueser] [           main] &amp#27;[0;39m&amp#27;[36mo.h.engine.jdbc.spi.SqlExceptionHelper  &amp#27;[0;39m &amp#27;[2m:&amp#27;[0;39m constraint "ukhxhx3owe90cjnk5ws4ddl1nio" of relation "socio_master" does not exist, skipping
&amp#27;[2m2025-06-23T13:59:51.737-03:00&amp#27;[0;39m &amp#27;[32mDEBUG&amp#27;[0;39m &amp#27;[35m34388&amp#27;[0;39m &amp#27;[2m--- [temqueser] [           main] &amp#27;[0;39m&amp#27;[36morg.hibernate.SQL                       &amp#27;[0;39m &amp#27;[2m:&amp#27;[0;39m 
    alter table if exists socio_master 
       add constraint UKhxhx3owe90cjnk5ws4ddl1nio unique (telefone_socio_master)
Hibernate: 
    alter table if exists socio_master 
       add constraint UKhxhx3owe90cjnk5ws4ddl1nio unique (telefone_socio_master)
&amp#27;[2m2025-06-23T13:59:51.963-03:00&amp#27;[0;39m &amp#27;[32mDEBUG&amp#27;[0;39m &amp#27;[35m34388&amp#27;[0;39m &amp#27;[2m--- [temqueser] [           main] &amp#27;[0;39m&amp#27;[36morg.hibernate.SQL                       &amp#27;[0;39m &amp#27;[2m:&amp#27;[0;39m 
    alter table if exists conteudo_socio 
       add constraint FKhmabp8guqv5n4t4hu836egy5l 
       foreign key (socio_id) 
       references socio
Hibernate: 
    alter table if exists conteudo_socio 
       add constraint FKhmabp8guqv5n4t4hu836egy5l 
       foreign key (socio_id) 
       references socio
&amp#27;[2m2025-06-23T13:59:52.278-03:00&amp#27;[0;39m &amp#27;[32mDEBUG&amp#27;[0;39m &amp#27;[35m34388&amp#27;[0;39m &amp#27;[2m--- [temqueser] [           main] &amp#27;[0;39m&amp#27;[36morg.hibernate.SQL                       &amp#27;[0;39m &amp#27;[2m:&amp#27;[0;39m 
    alter table if exists conteudo_socio 
       add constraint FK3e9hdn4mfjfq1w2pmvcbg1ej 
       foreign key (conteudo_id) 
       references conteudo
Hibernate: 
    alter table if exists conteudo_socio 
       add constraint FK3e9hdn4mfjfq1w2pmvcbg1ej 
       foreign key (conteudo_id) 
       references conteudo
&amp#27;[2m2025-06-23T13:59:52.514-03:00&amp#27;[0;39m &amp#27;[32mDEBUG&amp#27;[0;39m &amp#27;[35m34388&amp#27;[0;39m &amp#27;[2m--- [temqueser] [           main] &amp#27;[0;39m&amp#27;[36morg.hibernate.SQL                       &amp#27;[0;39m &amp#27;[2m:&amp#27;[0;39m 
    alter table if exists evento_cliente 
       add constraint FKk4g68cc4n5fmr7bwlxcgkt05m 
       foreign key (cliente_id) 
       references cliente
Hibernate: 
    alter table if exists evento_cliente 
       add constraint FKk4g68cc4n5fmr7bwlxcgkt05m 
       foreign key (cliente_id) 
       references cliente
&amp#27;[2m2025-06-23T13:59:52.769-03:00&amp#27;[0;39m &amp#27;[32mDEBUG&amp#27;[0;39m &amp#27;[35m34388&amp#27;[0;39m &amp#27;[2m--- [temqueser] [           main] &amp#27;[0;39m&amp#27;[36morg.hibernate.SQL                       &amp#27;[0;39m &amp#27;[2m:&amp#27;[0;39m 
    alter table if exists evento_cliente 
       add constraint FK5soe90okxnbn1jnc36jk1gtsu 
       foreign key (evento_id) 
       references evento
Hibernate: 
    alter table if exists evento_cliente 
       add constraint FK5soe90okxnbn1jnc36jk1gtsu 
       foreign key (evento_id) 
       references evento
&amp#27;[2m2025-06-23T13:59:53.002-03:00&amp#27;[0;39m &amp#27;[32mDEBUG&amp#27;[0;39m &amp#27;[35m34388&amp#27;[0;39m &amp#27;[2m--- [temqueser] [           main] &amp#27;[0;39m&amp#27;[36morg.hibernate.SQL                       &amp#27;[0;39m &amp#27;[2m:&amp#27;[0;39m 
    alter table if exists evento_socio 
       add constraint FKfrtp9itw8pmk7sboh1lpyuvsh 
       foreign key (socio_id) 
       references socio
Hibernate: 
    alter table if exists evento_socio 
       add constraint FKfrtp9itw8pmk7sboh1lpyuvsh 
       foreign key (socio_id) 
       references socio
&amp#27;[2m2025-06-23T13:59:53.230-03:00&amp#27;[0;39m &amp#27;[32mDEBUG&amp#27;[0;39m &amp#27;[35m34388&amp#27;[0;39m &amp#27;[2m--- [temqueser] [           main] &amp#27;[0;39m&amp#27;[36morg.hibernate.SQL                       &amp#27;[0;39m &amp#27;[2m:&amp#27;[0;39m 
    alter table if exists evento_socio 
       add constraint FKjw5hv8v12uf1fqn6q4yxtipqb 
       foreign key (evento_id) 
       references evento
Hibernate: 
    alter table if exists evento_socio 
       add constraint FKjw5hv8v12uf1fqn6q4yxtipqb 
       foreign key (evento_id) 
       references evento
&amp#27;[2m2025-06-23T13:59:53.454-03:00&amp#27;[0;39m &amp#27;[32mDEBUG&amp#27;[0;39m &amp#27;[35m34388&amp#27;[0;39m &amp#27;[2m--- [temqueser] [           main] &amp#27;[0;39m&amp#27;[36morg.hibernate.SQL                       &amp#27;[0;39m &amp#27;[2m:&amp#27;[0;39m 
    alter table if exists inscricao 
       add constraint FK4ygfasjavoah2w77q0cnwmao0 
       foreign key (cliente_id) 
       references cliente
Hibernate: 
    alter table if exists inscricao 
       add constraint FK4ygfasjavoah2w77q0cnwmao0 
       foreign key (cliente_id) 
       references cliente
&amp#27;[2m2025-06-23T13:59:53.794-03:00&amp#27;[0;39m &amp#27;[32mDEBUG&amp#27;[0;39m &amp#27;[35m34388&amp#27;[0;39m &amp#27;[2m--- [temqueser] [           main] &amp#27;[0;39m&amp#27;[36morg.hibernate.SQL                       &amp#27;[0;39m &amp#27;[2m:&amp#27;[0;39m 
    alter table if exists inscricao 
       add constraint FK5qsua0ncb80fj3bxjcb8r2sje 
       foreign key (evento_id) 
       references evento
Hibernate: 
    alter table if exists inscricao 
       add constraint FK5qsua0ncb80fj3bxjcb8r2sje 
       foreign key (evento_id) 
       references evento
&amp#27;[2m2025-06-23T13:59:54.042-03:00&amp#27;[0;39m &amp#27;[32m INFO&amp#27;[0;39m &amp#27;[35m34388&amp#27;[0;39m &amp#27;[2m--- [temqueser] [           main] &amp#27;[0;39m&amp#27;[36mj.LocalContainerEntityManagerFactoryBean&amp#27;[0;39m &amp#27;[2m:&amp#27;[0;39m Initialized JPA EntityManagerFactory for persistence unit 'default'
&amp#27;[2m2025-06-23T13:59:54.589-03:00&amp#27;[0;39m &amp#27;[32m INFO&amp#27;[0;39m &amp#27;[35m34388&amp#27;[0;39m &amp#27;[2m--- [temqueser] [           main] &amp#27;[0;39m&amp#27;[36mo.s.d.j.r.query.QueryEnhancerFactory    &amp#27;[0;39m &amp#27;[2m:&amp#27;[0;39m Hibernate is in classpath; If applicable, HQL parser will be used.
&amp#27;[2m2025-06-23T13:59:55.297-03:00&amp#27;[0;39m &amp#27;[33m WARN&amp#27;[0;39m &amp#27;[35m34388&amp#27;[0;39m &amp#27;[2m--- [temqueser] [           main] &amp#27;[0;39m&amp#27;[36mJpaBaseConfiguration$JpaWebConfiguration&amp#27;[0;39m &amp#27;[2m:&amp#27;[0;39m spring.jpa.open-in-view is enabled by default. Therefore, database queries may be performed during view rendering. Explicitly configure spring.jpa.open-in-view to disable this warning
&amp#27;[2m2025-06-23T13:59:55.361-03:00&amp#27;[0;39m &amp#27;[33m WARN&amp#27;[0;39m &amp#27;[35m34388&amp#27;[0;39m &amp#27;[2m--- [temqueser] [           main] &amp#27;[0;39m&amp#27;[36m.s.s.UserDetailsServiceAutoConfiguration&amp#27;[0;39m &amp#27;[2m:&amp#27;[0;39m 

Using generated security password: 292fa0a9-a996-4bc3-bcda-e04bcafa1a51

This generated password is for development use only. Your security configuration must be updated before running your application in production.

&amp#27;[2m2025-06-23T13:59:55.403-03:00&amp#27;[0;39m &amp#27;[32m INFO&amp#27;[0;39m &amp#27;[35m34388&amp#27;[0;39m &amp#27;[2m--- [temqueser] [           main] &amp#27;[0;39m&amp#27;[36mr$InitializeUserDetailsManagerConfigurer&amp#27;[0;39m &amp#27;[2m:&amp#27;[0;39m Global AuthenticationManager configured with UserDetailsService bean with name inMemoryUserDetailsManager
&amp#27;[2m2025-06-23T13:59:56.357-03:00&amp#27;[0;39m &amp#27;[32m INFO&amp#27;[0;39m &amp#27;[35m34388&amp#27;[0;39m &amp#27;[2m--- [temqueser] [           main] &amp#27;[0;39m&amp#27;[36mc.t.temqueser.TemqueserApplicationTests &amp#27;[0;39m &amp#27;[2m:&amp#27;[0;39m Started TemqueserApplicationTests in 28.263 seconds (process running for 29.15)
]]></system-out>
    <system-err><![CDATA[Mockito is currently self-attaching to enable the inline-mock-maker. This will no longer work in future releases of the JDK. Please add Mockito as an agent to your build what is described in Mockito's documentation: https://javadoc.io/doc/org.mockito/mockito-core/latest/org/mockito/Mockito.html#0.3
WARNING: A Java agent has been loaded dynamically (C:\Users\thoma\.m2\repository\net\bytebuddy\byte-buddy-agent\1.15.11\byte-buddy-agent-1.15.11.jar)
WARNING: If a serviceability tool is in use, please run with -XX:+EnableDynamicAgentLoading to hide this warning
WARNING: If a serviceability tool is not in use, please run with -Djdk.instrument.traceUsage for more information
WARNING: Dynamic loading of agents will be disallowed by default in a future release
]]></system-err>
  </testcase>
</testsuite>